<?xml version="1.0" encoding="UTF-8"?>
<robot generator="Robot 5.0 (Python 3.10.4 on win32)" generated="20220718 15:46:06.111" rpa="false" schemaversion="3">
<suite id="s1" name="Online" source="C:\Projetos\GravidadeZERO\yodapp\tests\online.robot">
<test id="s1-t1" name="Yodapp deve estar online" line="10">
<kw name="Start Session" library="base" type="SETUP">
<kw name="New Browser" library="Browser">
<arg>chromium</arg>
<arg>headless=false</arg>
<tag>BrowserControl</tag>
<tag>Setter</tag>
<doc>Create a new playwright Browser with specified options.</doc>
<msg timestamp="20220718 15:46:07.959" level="INFO">{"browser": "chromium", "headless": false, "handleSIGINT": true, "handleSIGTERM": true, "handleSIGHUP": true, "timeout": 30000.0, "devtools": false, "slowMo": 0.0, "tracesDir": "C:\\Projetos\\GravidadeZERO\\yodapp\\logs\\browser\\traces\\0af1ff71-cf70-4c65-8e13-bc0df0e298fe"}</msg>
<msg timestamp="20220718 15:46:09.989" level="INFO">Successfully created browser with options: {"browser":"chromium","headless":false,"handleSIGINT":true,"handleSIGTERM":true,"handleSIGHUP":true,"timeout":30000,"devtools":false,"slowMo":0,"tracesDir":"C:\\Projetos\\GravidadeZERO\\yodapp\\logs\\browser\\traces\\0af1ff71-cf70-4c65-8e13-bc0df0e298fe"}</msg>
<status status="PASS" starttime="20220718 15:46:07.958" endtime="20220718 15:46:09.989"/>
</kw>
<kw name="New Page" library="Browser">
<arg>${BASE_URL}</arg>
<tag>BrowserControl</tag>
<tag>Setter</tag>
<doc>Open a new Page.</doc>
<msg timestamp="20220718 15:46:12.481" level="INFO">Successfully initialized new page object and opened url: https://yodapp-testing.vercel.app</msg>
<msg timestamp="20220718 15:46:12.481" level="INFO">No context was open. New context was automatically opened when this page is created.</msg>
<status status="PASS" starttime="20220718 15:46:09.989" endtime="20220718 15:46:12.481"/>
</kw>
<status status="PASS" starttime="20220718 15:46:07.958" endtime="20220718 15:46:12.482"/>
</kw>
<kw name="Get Title" library="Browser">
<arg>equal</arg>
<arg>Yodapp | QAninja</arg>
<tag>Assertion</tag>
<tag>Getter</tag>
<tag>PageContent</tag>
<doc>Returns the title of the current page.</doc>
<status status="PASS" starttime="20220718 15:46:12.482" endtime="20220718 15:46:12.491"/>
</kw>
<kw name="End Session" library="base" type="TEARDOWN">
<kw name="Take Screenshot" library="Browser">
<tag>PageContent</tag>
<doc>Takes a screenshot of the current window or element and saves it to disk.</doc>
<msg timestamp="20220718 15:46:12.812" level="INFO" html="true">&lt;/td&gt;&lt;/tr&gt;&lt;tr&gt;&lt;td colspan="3"&gt;&lt;a href="browser/screenshot/robotframework-browser-screenshot-1.png"&gt;&lt;img src="browser/screenshot/robotframework-browser-screenshot-1.png" width="800px"&gt;&lt;/a&gt;</msg>
<status status="PASS" starttime="20220718 15:46:12.493" endtime="20220718 15:46:12.812"/>
</kw>
<status status="PASS" starttime="20220718 15:46:12.492" endtime="20220718 15:46:12.812"/>
</kw>
<status status="PASS" starttime="20220718 15:46:07.951" endtime="20220718 15:46:12.813"/>
</test>
<test id="s1-t2" name="Deve exibir mensagem de boas vindas" line="13">
<kw name="Start Session" library="base" type="SETUP">
<kw name="New Browser" library="Browser">
<arg>chromium</arg>
<arg>headless=false</arg>
<tag>BrowserControl</tag>
<tag>Setter</tag>
<doc>Create a new playwright Browser with specified options.</doc>
<msg timestamp="20220718 15:46:12.940" level="INFO">{"browser": "chromium", "headless": false, "handleSIGINT": true, "handleSIGTERM": true, "handleSIGHUP": true, "timeout": 30000.0, "devtools": false, "slowMo": 0.0, "tracesDir": "C:\\Projetos\\GravidadeZERO\\yodapp\\logs\\browser\\traces\\7332618d-27e9-4e6d-98f7-2e81010b8cf5"}</msg>
<msg timestamp="20220718 15:46:14.782" level="INFO">Successfully created browser with options: {"browser":"chromium","headless":false,"handleSIGINT":true,"handleSIGTERM":true,"handleSIGHUP":true,"timeout":30000,"devtools":false,"slowMo":0,"tracesDir":"C:\\Projetos\\GravidadeZERO\\yodapp\\logs\\browser\\traces\\7332618d-27e9-4e6d-98f7-2e81010b8cf5"}</msg>
<status status="PASS" starttime="20220718 15:46:12.938" endtime="20220718 15:46:14.783"/>
</kw>
<kw name="New Page" library="Browser">
<arg>${BASE_URL}</arg>
<tag>BrowserControl</tag>
<tag>Setter</tag>
<doc>Open a new Page.</doc>
<msg timestamp="20220718 15:46:16.006" level="INFO">Successfully initialized new page object and opened url: https://yodapp-testing.vercel.app</msg>
<msg timestamp="20220718 15:46:16.006" level="INFO">No context was open. New context was automatically opened when this page is created.</msg>
<status status="PASS" starttime="20220718 15:46:14.783" endtime="20220718 15:46:16.006"/>
</kw>
<status status="PASS" starttime="20220718 15:46:12.937" endtime="20220718 15:46:16.007"/>
</kw>
<kw name="Wait For Elements State" library="Browser">
<arg>//a[contains(.,'Que a Força (qualidade) esteja com você!')]</arg>
<arg>visible</arg>
<arg>5s</arg>
<tag>PageContent</tag>
<tag>Wait</tag>
<doc>Waits for the element found by ``selector`` to satisfy state option.</doc>
<msg timestamp="20220718 15:46:16.051" level="INFO">Waited for Element with selector //a[contains(.,'Que a Força (qualidade) esteja com você!')] at state visible</msg>
<status status="PASS" starttime="20220718 15:46:16.008" endtime="20220718 15:46:16.051"/>
</kw>
<kw name="End Session" library="base" type="TEARDOWN">
<kw name="Take Screenshot" library="Browser">
<tag>PageContent</tag>
<doc>Takes a screenshot of the current window or element and saves it to disk.</doc>
<msg timestamp="20220718 15:46:16.345" level="INFO" html="true">&lt;/td&gt;&lt;/tr&gt;&lt;tr&gt;&lt;td colspan="3"&gt;&lt;a href="browser/screenshot/robotframework-browser-screenshot-2.png"&gt;&lt;img src="browser/screenshot/robotframework-browser-screenshot-2.png" width="800px"&gt;&lt;/a&gt;</msg>
<status status="PASS" starttime="20220718 15:46:16.054" endtime="20220718 15:46:16.345"/>
</kw>
<status status="PASS" starttime="20220718 15:46:16.052" endtime="20220718 15:46:16.346"/>
</kw>
<status status="PASS" starttime="20220718 15:46:12.928" endtime="20220718 15:46:16.346"/>
</test>
<doc>Suite de testes para verificar se o app está online</doc>
<status status="PASS" starttime="20220718 15:46:06.117" endtime="20220718 15:46:16.441"/>
</suite>
<statistics>
<total>
<stat pass="2" fail="0" skip="0">All Tests</stat>
</total>
<tag>
</tag>
<suite>
<stat pass="2" fail="0" skip="0" id="s1" name="Online">Online</stat>
</suite>
</statistics>
<errors>
</errors>
</robot>
